{"/Users/johnhaupenthal/Projects/Personal/dsRecords/App.tsx": {"path":"/Users/johnhaupenthal/Projects/Personal/dsRecords/App.tsx","statementMap":{"0":{"start":{"line":31,"column":5},"end":{"line":55,"column":1}},"1":{"start":{"line":32,"column":21},"end":{"line":32,"column":48}},"2":{"start":{"line":33,"column":2},"end":{"line":54,"column":4}},"3":{"start":{"line":57,"column":12},"end":{"line":93,"column":1}},"4":{"start":{"line":58,"column":21},"end":{"line":58,"column":48}},"5":{"start":{"line":60,"column":26},"end":{"line":62,"column":3}},"6":{"start":{"line":64,"column":2},"end":{"line":92,"column":4}},"7":{"start":{"line":95,"column":15},"end":{"line":112,"column":2}}},"fnMap":{"0":{"name":"(anonymous_0)","decl":{"start":{"line":31,"column":5},"end":{"line":31,"column":6}},"loc":{"start":{"line":31,"column":30},"end":{"line":55,"column":1}},"line":31},"1":{"name":"(anonymous_1)","decl":{"start":{"line":57,"column":12},"end":{"line":57,"column":13}},"loc":{"start":{"line":57,"column":18},"end":{"line":93,"column":1}},"line":57}},"branchMap":{"0":{"loc":{"start":{"line":39,"column":19},"end":{"line":39,"column":59}},"type":"cond-expr","locations":[{"start":{"line":39,"column":32},"end":{"line":39,"column":44}},{"start":{"line":39,"column":47},"end":{"line":39,"column":59}}],"line":39},"1":{"loc":{"start":{"line":48,"column":19},"end":{"line":48,"column":58}},"type":"cond-expr","locations":[{"start":{"line":48,"column":32},"end":{"line":48,"column":44}},{"start":{"line":48,"column":47},"end":{"line":48,"column":58}}],"line":48},"2":{"loc":{"start":{"line":61,"column":21},"end":{"line":61,"column":64}},"type":"cond-expr","locations":[{"start":{"line":61,"column":34},"end":{"line":61,"column":47}},{"start":{"line":61,"column":50},"end":{"line":61,"column":64}}],"line":61},"3":{"loc":{"start":{"line":66,"column":27},"end":{"line":66,"column":72}},"type":"cond-expr","locations":[{"start":{"line":66,"column":40},"end":{"line":66,"column":55}},{"start":{"line":66,"column":58},"end":{"line":66,"column":72}}],"line":66},"4":{"loc":{"start":{"line":73,"column":29},"end":{"line":73,"column":69}},"type":"cond-expr","locations":[{"start":{"line":73,"column":42},"end":{"line":73,"column":54}},{"start":{"line":73,"column":57},"end":{"line":73,"column":69}}],"line":73}},"s":{"0":1,"1":4,"2":4,"3":1,"4":1,"5":1,"6":1,"7":1},"f":{"0":4,"1":1},"b":{"0":[0,4],"1":[0,4],"2":[0,1],"3":[0,1],"4":[0,1]},"_coverageSchema":"1a1c01bbd47fc00a2c39e90264f33305004495a9","hash":"0f799e3a160e40f0fd5bd805da583aa79f179661"}
}
